<?xml version="1.0" encoding="UTF-8"?>
<testsuite xmlns:xsi="http://www.w3.org/2001/XMLSchema-instance" xsi:noNamespaceSchemaLocation="https://maven.apache.org/surefire/maven-surefire-plugin/xsd/surefire-test-report-3.0.xsd" version="3.0" name="br.edu.ibmec.bigdata.BigdataApplicationTests" time="3.982" tests="1" errors="0" skipped="0" failures="0">
  <properties>
[...]
</properties>
  <testcase name="contextLoads" classname="br.edu.ibmec.bigdata.BigdataApplicationTests" time="0.333">
    <system-out><![CDATA[16:12:12.259 [main] INFO org.springframework.test.context.support.AnnotationConfigContextLoaderUtils -- Could not detect default configuration classes for test class [br.edu.ibmec.bigdata.BigdataApplicationTests]: BigdataApplicationTests does not declare any static, non-private, non-final, nested classes annotated with @Configuration.
16:12:12.327 [main] INFO org.springframework.boot.test.context.SpringBootTestContextBootstrapper -- Found @SpringBootConfiguration br.edu.ibmec.bigdata.BigdataApplication for test class br.edu.ibmec.bigdata.BigdataApplicationTests
16:12:12.443 [main] INFO org.springframework.boot.devtools.restart.RestartApplicationListener -- Restart disabled due to context in which it is running

  .   ____          _            __ _ _
 /\\ / ___'_ __ _ _(_)_ __  __ _ \ \ \ \
( ( )\___ | '_ | '_| | '_ \/ _` | \ \ \ \
 \\/  ___)| |_)| | | | | || (_| |  ) ) ) )
  '  |____| .__|_| |_|_| |_\__, | / / / /
 =========|_|==============|___/=/_/_/_/

 :: Spring Boot ::                (v3.3.4)

2024-09-30T16:12:12.652-03:00  INFO 17196 --- [bigdata] [           main] b.e.i.bigdata.BigdataApplicationTests    : Starting BigdataApplicationTests using Java 21.0.4 with PID 17196 (started by rafae in d:\cmder\ap1-bigdata\bigdata)
2024-09-30T16:12:12.652-03:00  INFO 17196 --- [bigdata] [           main] b.e.i.bigdata.BigdataApplicationTests    : No active profile set, falling back to 1 default profile: "default"
2024-09-30T16:12:13.199-03:00  INFO 17196 --- [bigdata] [           main] .s.d.r.c.RepositoryConfigurationDelegate : Bootstrapping Spring Data JPA repositories in DEFAULT mode.
2024-09-30T16:12:13.246-03:00  INFO 17196 --- [bigdata] [           main] .s.d.r.c.RepositoryConfigurationDelegate : Finished Spring Data repository scanning in 39 ms. Found 2 JPA repository interfaces.
2024-09-30T16:12:13.602-03:00  INFO 17196 --- [bigdata] [           main] com.zaxxer.hikari.HikariDataSource       : HikariPool-1 - Starting...
2024-09-30T16:12:13.761-03:00  INFO 17196 --- [bigdata] [           main] com.zaxxer.hikari.pool.HikariPool        : HikariPool-1 - Added connection conn0: url=jdbc:h2:mem:c9dc2706-ec8f-4e74-b583-240011e00ebd user=SA
2024-09-30T16:12:13.761-03:00  INFO 17196 --- [bigdata] [           main] com.zaxxer.hikari.HikariDataSource       : HikariPool-1 - Start completed.
2024-09-30T16:12:13.811-03:00  INFO 17196 --- [bigdata] [           main] o.hibernate.jpa.internal.util.LogHelper  : HHH000204: Processing PersistenceUnitInfo [name: default]
2024-09-30T16:12:13.916-03:00  INFO 17196 --- [bigdata] [           main] org.hibernate.Version                    : HHH000412: Hibernate ORM core version 6.5.3.Final
2024-09-30T16:12:13.945-03:00  INFO 17196 --- [bigdata] [           main] o.h.c.internal.RegionFactoryInitiator    : HHH000026: Second-level cache disabled
2024-09-30T16:12:14.220-03:00  INFO 17196 --- [bigdata] [           main] o.s.o.j.p.SpringPersistenceUnitInfo      : No LoadTimeWeaver setup: ignoring JPA class transformer
2024-09-30T16:12:14.868-03:00  INFO 17196 --- [bigdata] [           main] o.h.e.t.j.p.i.JtaPlatformInitiator       : HHH000489: No JTA platform available (set 'hibernate.transaction.jta.platform' to enable JTA platform integration)
2024-09-30T16:12:14.900-03:00  INFO 17196 --- [bigdata] [           main] j.LocalContainerEntityManagerFactoryBean : Initialized JPA EntityManagerFactory for persistence unit 'default'
2024-09-30T16:12:15.363-03:00  WARN 17196 --- [bigdata] [           main] JpaBaseConfiguration$JpaWebConfiguration : spring.jpa.open-in-view is enabled by default. Therefore, database queries may be performed during view rendering. Explicitly configure spring.jpa.open-in-view to disable this warning
2024-09-30T16:12:15.763-03:00  INFO 17196 --- [bigdata] [           main] b.e.i.bigdata.BigdataApplicationTests    : Started BigdataApplicationTests in 3.336 seconds (process running for 4.067)
]]></system-out>
    <system-err><![CDATA[WARNING: A Java agent has been loaded dynamically (C:\Users\rafae\.m2\repository\net\bytebuddy\byte-buddy-agent\1.14.19\byte-buddy-agent-1.14.19.jar)
WARNING: If a serviceability tool is in use, please run with -XX:+EnableDynamicAgentLoading to hide this warning
WARNING: If a serviceability tool is not in use, please run with -Djdk.instrument.traceUsage for more information
WARNING: Dynamic loading of agents will be disallowed by default in a future release
]]></system-err>
  </testcase>
</testsuite>